1741795298296:help
1741795304351:login
1741795948837:help
1741795951696:login
1741798974304:help
1741798980924:getUsers
1741799696701:login
1741808783350:users
1741808787986:getUsers
1741878266974:login
1741883438636:getUsers
1741887409709:login
1741887461290:getUsers
1741887642129:login
1741888017811:getUsers
1741888130136:login
1741888155191:getUsers
1741888177651:login
1741888183551:getUsers
1741888402240:login
1741888414980:getUsers
1741890686635:login
1741890702904:getUsers
1741891626681:login
1741891639802:getUsers
1741896513580:login
1741899187406:help
1741899210974:login
1741899718197:getToken
1741899735126:get-token
1741900221410:login
1741900250101:get-token 4/0AQSTgQGN6flDrMQl9fZOM3wLJ0PMivlrXBnk04Dttwh7Wvayuekzl_PHxjC0DRLtHG1pgw
1741900383196:login
1741900395887:get-token 4/0AQSTgQGkmxzXng5mSdwV5SY4kmVtlz2XJ3rFJdscgabn_r-Zo2vsKzB_RdcnW67qQrCLMA
1741901721198:login
1741901739361:get-token 4/0AQSTgQH0m-kJopVbn200unbkpyuYai7t_CmiB8qTQXm2Afp6q7qIaPLuG9WxC99J2V3iHQ
1741902310405:login
1741902324816:get-token 4/0AQSTgQE3pXTjBpH24c_U9UkA-OdYfoTRO96fEjJlXGqfvxXZJK0vLYBs3ZfYOY7MIcTmaw
1741902334135:getUsers
1741902855412:testNoToken
1741902907859:getUsers
1741902921543:login
1741902933601:get-token 4/0AQSTgQH43UVcxoa3rtpCROG5Lwhnl2FysW6THADlouqQklBhy6t4mJbZ-u-GweqaKKSDpQ
1741902938702:getUsers
